"Start of log file."
"D:/NYMAPP~1/VIVESA~1/Assets/Models/Props/Arrow.max"
"Starting max loading and fbx conversion"
window = undefined
"Settings units"
"Before fbx export"
"After fbx export"
"Finished max loading and fbx conversion"
"D:/NYMAPP~1/VIVESA~1/Assets/Models/Vehicles/BATCAR~1.MAX"
"Starting max loading and fbx conversion"
window = undefined
"Settings units"
"Before fbx export"
"After fbx export"
"Finished max loading and fbx conversion"
"D:/NYMAPP~1/VIVESA~1/Assets/Models/Props/Uzi.max"
"Starting max loading and fbx conversion"
window = undefined
"Settings units"
"Before fbx export"
"After fbx export"
"Finished max loading and fbx conversion"
"D:/NYMAPP~1/VIVESA~1/Assets/Models/Props/bow.max"
"Starting max loading and fbx conversion"
window = undefined
"Settings units"
"Before fbx export"
"After fbx export"
"Finished max loading and fbx conversion"
